\BOOKMARK [0][-]{chapter.1}{\376\377\000C\000o\000d\000e\000\040\000p\000u\000r\000p\000o\000s\000e}{}% 1
\BOOKMARK [1][-]{section.1.1}{\376\377\000N\000o\000t\000\040\000o\000n\000l\000y\000\040\000s\0002\000D\000c\000d\040\046}{chapter.1}% 2
\BOOKMARK [1][-]{section.1.2}{\376\377\000M\000P\000S\000\040\000s\000i\000m\000u\000l\000a\000t\000i\000o\000n\000\040\000e\000n\000g\000i\000n\000e\000s}{chapter.1}% 3
\BOOKMARK [1][-]{section.1.3}{\376\377\000W\000h\000a\000t\040\031\000s\000\040\000n\000e\000w\000\040\000i\000n\000\040\000t\000h\000i\000s\000\040\000v\000e\000r\000s\000i\000o\000n}{chapter.1}% 4
\BOOKMARK [1][-]{section.1.4}{\376\377\000I\000f\000\040\000y\000o\000u\000\040\000u\000s\000e\000\040\000s\0002\000D\000c\000d}{chapter.1}% 5
\BOOKMARK [1][-]{section.1.5}{\376\377\000A\000c\000k\000n\000o\000w\000l\000e\000d\000g\000m\000e\000n\000t\000s}{chapter.1}% 6
\BOOKMARK [0][-]{chapter.2}{\376\377\000I\000n\000s\000t\000a\000l\000l\000a\000t\000i\000o\000n}{}% 7
\BOOKMARK [1][-]{section.2.1}{\376\377\000R\000e\000q\000u\000i\000r\000e\000m\000e\000n\000t\000s}{chapter.2}% 8
\BOOKMARK [1][-]{section.2.2}{\376\377\000I\000n\000s\000t\000a\000l\000l\000a\000t\000i\000o\000n\000\040\000o\000f\000\040\000t\000h\000e\000\040\000m\000o\000d\000u\000l\000e\000\040\000s\0002\000D\000c\000d\000\040\000a\000n\000d\000\040\000o\000t\000h\000e\000r\000\040\000p\000y\000t\000h\000o\000n\000\040\000t\000o\000o\000l\000s}{chapter.2}% 9
\BOOKMARK [1][-]{section.2.3}{\376\377\000S\000o\000m\000e\000\040\000d\000e\000t\000a\000i\000l\000s\000\040\000a\000b\000o\000u\000t\000\040\000t\000h\000e\000\040\000m\000a\000i\000n\000\040\000m\000o\000d\000u\000l\000e\000s\000:}{chapter.2}% 10
\BOOKMARK [0][-]{chapter.3}{\376\377\000E\000x\000a\000m\000p\000l\000e\000s}{}% 11
\BOOKMARK [1][-]{section.3.1}{\376\377\000H\000o\000w\000\040\000t\000o\000\040\000r\000u\000n\000\040\000t\000h\000e\000\040\000e\000x\000a\000m\000p\000l\000e\000s}{chapter.3}% 12
\BOOKMARK [1][-]{section.3.2}{\376\377\000C\000o\000m\000m\000e\000n\000t\000e\000d\000\040\000e\000x\000a\000m\000p\000l\000e}{chapter.3}% 13
\BOOKMARK [1][-]{section.3.3}{\376\377\000E\000x\000a\000m\000p\000l\000e\000s\000\040\000w\000i\000t\000h\000\040\000D\000e\000e\000S\000s\000e}{chapter.3}% 14
\BOOKMARK [0][-]{chapter.4}{\376\377\000N\000o\000t\000e\000s}{}% 15
\BOOKMARK [1][-]{section.4.1}{\376\377\000A\000u\000x\000i\000l\000i\000a\000r\000y\000\040\000v\000a\000r\000i\000a\000b\000l\000e\000s}{chapter.4}% 16
\BOOKMARK [1][-]{section.4.2}{\376\377\000L\000i\000c\000e\000n\000c\000e\000\040\000I\000s\000s\000u\000e\000s}{chapter.4}% 17
\BOOKMARK [0][-]{chapter.5}{\376\377\000P\000u\000b\000l\000i\000c\000a\000t\000i\000o\000n\000s}{}% 18
\BOOKMARK [0][-]{chapter.6}{\376\377\000A\000p\000p\000e\000n\000d\000i\000c\000e\000s}{}% 19
\BOOKMARK [1][-]{section.6.1}{\376\377\000T\000h\000e\000\040\000s\0002\000D\000c\000d\000\040\000m\000o\000d\000u\000l\000e}{chapter.6}% 20
\BOOKMARK [1][-]{section.6.2}{\376\377\000T\000h\000e\000\040\000s\0002\000D\000c\000d\000.\000d\000e\000e\000s\000s\000e\000\040\000m\000o\000d\000u\000l\000e}{chapter.6}% 21
\BOOKMARK [1][-]{section.6.3}{\376\377\000T\000h\000e\000\040\000s\0002\000D\000c\000d\000.\000u\000t\000i\000l\000i\000\040\000m\000o\000d\000u\000l\000e}{chapter.6}% 22
\BOOKMARK [1][-]{section.6.4}{\376\377\000T\000h\000e\000\040\000s\0002\000D\000c\000d\000.\000g\000r\000i\000d\000\040\000m\000o\000d\000u\000l\000e}{chapter.6}% 23
\BOOKMARK [1][-]{section.6.5}{\376\377\000T\000h\000e\000\040\000s\0002\000D\000c\000d\000.\000g\000s\000l\000i\000b\000n\000u\000m\000p\000y\000\040\000m\000o\000d\000u\000l\000e}{chapter.6}% 24
\BOOKMARK [1][-]{section.6.6}{\376\377\000T\000h\000e\000\040\000s\0002\000D\000c\000d\000.\000e\000x\000t\000\040\000m\000o\000d\000u\000l\000e}{chapter.6}% 25
\BOOKMARK [0][-]{chapter.7}{\376\377\000L\000i\000c\000e\000n\000c\000e}{}% 26
\BOOKMARK [0][-]{chapter.8}{\376\377\000I\000n\000d\000i\000c\000e\000s\000\040\000a\000n\000d\000\040\000t\000a\000b\000l\000e\000s}{}% 27
\BOOKMARK [0][-]{chapter*.114}{\376\377\000B\000i\000b\000l\000i\000o\000g\000r\000a\000p\000h\000y}{}% 28
\BOOKMARK [0][-]{section*.115}{\376\377\000P\000y\000t\000h\000o\000n\000\040\000M\000o\000d\000u\000l\000e\000\040\000I\000n\000d\000e\000x}{}% 29
\BOOKMARK [0][-]{section*.116}{\376\377\000I\000n\000d\000e\000x}{}% 30
